/*C10*/SET SCHEMA PUBLIC
CREATE TABLE "DELETEME1616995742659"\u000a(\u000a    "UNUSED" INTEGER NOT NULL\u000a)
DROP TABLE "DELETEME1616995742659"
/*C12*/SET SCHEMA PUBLIC
DISCONNECT
/*C10*/DISCONNECT
/*C13*/SET SCHEMA PUBLIC
CREATE TABLE "DELETEME1616995743475"\u000a(\u000a    "UNUSED" INTEGER NOT NULL\u000a)
/*C11*/SET SCHEMA PUBLIC
DISCONNECT
/*C13*/DROP TABLE "DELETEME1616995743475"
/*C16*/SET SCHEMA PUBLIC
DISCONNECT
/*C17*/SET SCHEMA PUBLIC
DISCONNECT
/*C18*/SET SCHEMA PUBLIC
DISCONNECT
/*C19*/SET SCHEMA PUBLIC
DISCONNECT
/*C20*/SET SCHEMA PUBLIC
DISCONNECT
/*C21*/SET SCHEMA PUBLIC
DISCONNECT
/*C22*/SET SCHEMA PUBLIC
DISCONNECT
/*C23*/SET SCHEMA PUBLIC
DISCONNECT
/*C24*/SET SCHEMA PUBLIC
DISCONNECT
/*C25*/SET SCHEMA PUBLIC
DISCONNECT
/*C26*/SET SCHEMA PUBLIC
DISCONNECT
/*C27*/SET SCHEMA PUBLIC
DISCONNECT
/*C28*/SET SCHEMA PUBLIC
DISCONNECT
/*C29*/SET SCHEMA PUBLIC
DISCONNECT
/*C30*/SET SCHEMA PUBLIC
DISCONNECT
/*C31*/SET SCHEMA PUBLIC
DISCONNECT
/*C32*/SET SCHEMA PUBLIC
DISCONNECT
/*C33*/SET SCHEMA PUBLIC
DISCONNECT
/*C34*/SET SCHEMA PUBLIC
DISCONNECT
/*C35*/SET SCHEMA PUBLIC
DISCONNECT
/*C13*/ALTER TABLE "isissecurity"."ApplicationUserRoles" DROP CONSTRAINT "ApplicationUserRoles_FK1"
ALTER TABLE "isissecurity"."ApplicationUserRoles" DROP CONSTRAINT "ApplicationUserRoles_FK2"
ALTER TABLE "statements"."StatementReader" DROP CONSTRAINT "StatementReader_FK1"
ALTER TABLE "isissecurity"."ApplicationPermission" DROP CONSTRAINT "ApplicationPermission_FK1"
ALTER TABLE "statements"."StatementReaderType" DROP CONSTRAINT "StatementReaderType_FK1"
ALTER TABLE "isissecurity"."ApplicationTenancy" DROP CONSTRAINT "ApplicationTenancy_FK1"
ALTER TABLE "statements"."Transaction" DROP CONSTRAINT "Transaction_FK3"
ALTER TABLE "statements"."Transaction" DROP CONSTRAINT "Transaction_FK2"
ALTER TABLE "statements"."Transaction" DROP CONSTRAINT "Transaction_FK1"
ALTER TABLE "statements"."Addon" DROP CONSTRAINT "Addon_FK1"
ALTER TABLE "isiscommand"."Command" DROP CONSTRAINT "Command_FK1"
ALTER TABLE "statements"."MailStatementProfile" DROP CONSTRAINT "MailStatementProfile_FK1"
ALTER TABLE "statements"."MailStatementProfile" DROP CONSTRAINT "MailStatementProfile_FK2"
ALTER TABLE "statements"."MailStatementProfile" DROP CONSTRAINT "MailStatementProfile_FK3"
